<?xml version="1.0" encoding="UTF-8"?>
<!-- Generated by org.testng.reporters.JUnitReportReporter -->
<testsuite hostname="DESKTOP-077G3EM" failures="0" tests="17" name="com.Plobal.TestScripts.PlobalTestScripts" time="805.405" errors="11" timestamp="2022-10-19T22:35:57 IST" skipped="0">
  <testcase classname="com.Plobal.TestScripts.PlobalTestScripts" name="plobalAppQuit" time="0.061">
    <error message="A session is either terminated or not started
Build info: version: &#039;3.141.59&#039;, revision: &#039;e82be7d358&#039;, time: &#039;2018-11-14T08:17:03&#039;
System info: host: &#039;DESKTOP-077G3EM&#039;, ip: &#039;192.168.100.6&#039;, os.name: &#039;Windows 10&#039;, os.arch: &#039;amd64&#039;, os.version: &#039;10.0&#039;, java.version: &#039;18.0.1&#039;
Driver info: io.appium.java_client.android.AndroidDriver
Capabilities {appActivity: plobaltestshutterstock.andr..., appPackage: plobaltestshutterstock.andr..., autoAcceptAlerts: true, automationName: uiautomator2, databaseEnabled: false, desired: {appActivity: plobaltestshutterstock.andr..., appPackage: plobaltestshutterstock.andr..., autoAcceptAlerts: true, automationName: uiautomator2, deviceName: Android, fullReset: false, newCommandTimeout: 300, platformName: android}, deviceApiLevel: 30, deviceManufacturer: samsung, deviceModel: SM-A507FN, deviceName: RZ8M90WEFMD, deviceScreenDensity: 420, deviceScreenSize: 1080x2340, deviceUDID: RZ8M90WEFMD, fullReset: false, javascriptEnabled: true, locationContextEnabled: false, networkConnectionEnabled: true, newCommandTimeout: 300, pixelRatio: 2.625, platform: LINUX, platformName: Android, platformVersion: 11, statBarHeight: 83, takesScreenshot: true, viewportRect: {height: 2048, left: 0, top: 83, width: 1080}, warnings: {}, webStorageEnabled: false}
Session ID: 1300742f-2c97-41b9-b787-0248a18de45a" type="org.openqa.selenium.NoSuchSessionException">
      <![CDATA[org.openqa.selenium.NoSuchSessionException: A session is either terminated or not started
Build info: version: '3.141.59', revision: 'e82be7d358', time: '2018-11-14T08:17:03'
System info: host: 'DESKTOP-077G3EM', ip: '192.168.100.6', os.name: 'Windows 10', os.arch: 'amd64', os.version: '10.0', java.version: '18.0.1'
Driver info: io.appium.java_client.android.AndroidDriver
Capabilities {appActivity: plobaltestshutterstock.andr..., appPackage: plobaltestshutterstock.andr..., autoAcceptAlerts: true, automationName: uiautomator2, databaseEnabled: false, desired: {appActivity: plobaltestshutterstock.andr..., appPackage: plobaltestshutterstock.andr..., autoAcceptAlerts: true, automationName: uiautomator2, deviceName: Android, fullReset: false, newCommandTimeout: 300, platformName: android}, deviceApiLevel: 30, deviceManufacturer: samsung, deviceModel: SM-A507FN, deviceName: RZ8M90WEFMD, deviceScreenDensity: 420, deviceScreenSize: 1080x2340, deviceUDID: RZ8M90WEFMD, fullReset: false, javascriptEnabled: true, locationContextEnabled: false, networkConnectionEnabled: true, newCommandTimeout: 300, pixelRatio: 2.625, platform: LINUX, platformName: Android, platformVersion: 11, statBarHeight: 83, takesScreenshot: true, viewportRect: {height: 2048, left: 0, top: 83, width: 1080}, warnings: {}, webStorageEnabled: false}
Session ID: 1300742f-2c97-41b9-b787-0248a18de45a
at java.base/jdk.internal.reflect.DirectConstructorHandleAccessor.newInstance(DirectConstructorHandleAccessor.java:67)
at java.base/java.lang.reflect.Constructor.newInstanceWithCaller(Constructor.java:499)
at java.base/java.lang.reflect.Constructor.newInstance(Constructor.java:483)
at org.openqa.selenium.remote.http.W3CHttpResponseCodec.createException(W3CHttpResponseCodec.java:187)
at org.openqa.selenium.remote.http.W3CHttpResponseCodec.decode(W3CHttpResponseCodec.java:122)
at org.openqa.selenium.remote.http.W3CHttpResponseCodec.decode(W3CHttpResponseCodec.java:49)
at org.openqa.selenium.remote.HttpCommandExecutor.execute(HttpCommandExecutor.java:158)
at io.appium.java_client.remote.AppiumCommandExecutor.execute(AppiumCommandExecutor.java:239)
at org.openqa.selenium.remote.RemoteWebDriver.execute(RemoteWebDriver.java:552)
at io.appium.java_client.DefaultGenericMobileDriver.execute(DefaultGenericMobileDriver.java:45)
at io.appium.java_client.AppiumDriver.execute(AppiumDriver.java:1)
at io.appium.java_client.android.AndroidDriver.execute(AndroidDriver.java:1)
at org.openqa.selenium.remote.RemoteWebDriver.quit(RemoteWebDriver.java:452)
at com.business.Plobal.PlobalBusinessLogic.TearDown(PlobalBusinessLogic.java:104)
at com.Plobal.TestScripts.PlobalTestScripts.plobalAppQuit(PlobalTestScripts.java:129)
at java.base/jdk.internal.reflect.DirectMethodHandleAccessor.invoke(DirectMethodHandleAccessor.java:104)
at java.base/java.lang.reflect.Method.invoke(Method.java:577)
at org.testng.internal.MethodInvocationHelper.invokeMethod(MethodInvocationHelper.java:134)
at org.testng.internal.MethodInvocationHelper.invokeMethodConsideringTimeout(MethodInvocationHelper.java:63)
at org.testng.internal.ConfigInvoker.invokeConfigurationMethod(ConfigInvoker.java:348)
at org.testng.internal.ConfigInvoker.invokeConfigurations(ConfigInvoker.java:302)
at org.testng.TestRunner.invokeTestConfigurations(TestRunner.java:619)
at org.testng.TestRunner.afterRun(TestRunner.java:849)
at org.testng.TestRunner.run(TestRunner.java:590)
at org.testng.SuiteRunner.runTest(SuiteRunner.java:384)
at org.testng.SuiteRunner.runSequentially(SuiteRunner.java:378)
at org.testng.SuiteRunner.privateRun(SuiteRunner.java:337)
at org.testng.SuiteRunner.run(SuiteRunner.java:286)
at org.testng.SuiteRunnerWorker.runSuite(SuiteRunnerWorker.java:53)
at org.testng.SuiteRunnerWorker.run(SuiteRunnerWorker.java:96)
at org.testng.TestNG.runSuitesSequentially(TestNG.java:1187)
at org.testng.TestNG.runSuitesLocally(TestNG.java:1109)
at org.testng.TestNG.runSuites(TestNG.java:1039)
at org.testng.TestNG.run(TestNG.java:1007)
at org.testng.remote.AbstractRemoteTestNG.run(AbstractRemoteTestNG.java:115)
at org.testng.remote.RemoteTestNG.initAndRun(RemoteTestNG.java:251)
at org.testng.remote.RemoteTestNG.main(RemoteTestNG.java:77)
]]>
    </error>
  </testcase> <!-- plobalAppQuit -->
  <system-out/>
  <testcase classname="com.Plobal.TestScripts.PlobalTestScripts" name="plobalAppLaunch" time="18.599"/>
  <system-out/>
  <testcase classname="com.Plobal.TestScripts.PlobalTestScripts" name="plobalLogin" time="31.960"/>
  <system-out/>
  <testcase classname="com.Plobal.TestScripts.PlobalTestScripts" name="plobalSelectItem" time="26.716">
    <error message="The element &#039;By.xpath: //*[@resource-id=&#039;plobaltestshutterstock.android.staging:id/shopping_cart_item_variant_option_1&#039;]&#039; is not linked to the same object in DOM anymore
For documentation on this error, please visit: https://www.seleniumhq.org/exceptions/stale_element_reference.html
Build info: version: &#039;3.141.59&#039;, revision: &#039;e82be7d358&#039;, time: &#039;2018-11-14T08:17:03&#039;
System info: host: &#039;DESKTOP-077G3EM&#039;, ip: &#039;192.168.100.6&#039;, os.name: &#039;Windows 10&#039;, os.arch: &#039;amd64&#039;, os.version: &#039;10.0&#039;, java.version: &#039;18.0.1&#039;
Driver info: io.appium.java_client.android.AndroidDriver
Capabilities {appActivity: plobaltestshutterstock.andr..., appPackage: plobaltestshutterstock.andr..., autoAcceptAlerts: true, automationName: uiautomator2, databaseEnabled: false, desired: {appActivity: plobaltestshutterstock.andr..., appPackage: plobaltestshutterstock.andr..., autoAcceptAlerts: true, automationName: uiautomator2, deviceName: Android, fullReset: false, newCommandTimeout: 300, platformName: android}, deviceApiLevel: 30, deviceManufacturer: samsung, deviceModel: SM-A507FN, deviceName: RZ8M90WEFMD, deviceScreenDensity: 420, deviceScreenSize: 1080x2340, deviceUDID: RZ8M90WEFMD, fullReset: false, javascriptEnabled: true, locationContextEnabled: false, networkConnectionEnabled: true, newCommandTimeout: 300, pixelRatio: 2.625, platform: LINUX, platformName: Android, platformVersion: 11, statBarHeight: 83, takesScreenshot: true, viewportRect: {height: 2048, left: 0, top: 83, width: 1080}, warnings: {}, webStorageEnabled: false}
Session ID: 1300742f-2c97-41b9-b787-0248a18de45a" type="org.openqa.selenium.StaleElementReferenceException">
      <![CDATA[org.openqa.selenium.StaleElementReferenceException: The element 'By.xpath: //*[@resource-id='plobaltestshutterstock.android.staging:id/shopping_cart_item_variant_option_1']' is not linked to the same object in DOM anymore
For documentation on this error, please visit: https://www.seleniumhq.org/exceptions/stale_element_reference.html
Build info: version: '3.141.59', revision: 'e82be7d358', time: '2018-11-14T08:17:03'
System info: host: 'DESKTOP-077G3EM', ip: '192.168.100.6', os.name: 'Windows 10', os.arch: 'amd64', os.version: '10.0', java.version: '18.0.1'
Driver info: io.appium.java_client.android.AndroidDriver
Capabilities {appActivity: plobaltestshutterstock.andr..., appPackage: plobaltestshutterstock.andr..., autoAcceptAlerts: true, automationName: uiautomator2, databaseEnabled: false, desired: {appActivity: plobaltestshutterstock.andr..., appPackage: plobaltestshutterstock.andr..., autoAcceptAlerts: true, automationName: uiautomator2, deviceName: Android, fullReset: false, newCommandTimeout: 300, platformName: android}, deviceApiLevel: 30, deviceManufacturer: samsung, deviceModel: SM-A507FN, deviceName: RZ8M90WEFMD, deviceScreenDensity: 420, deviceScreenSize: 1080x2340, deviceUDID: RZ8M90WEFMD, fullReset: false, javascriptEnabled: true, locationContextEnabled: false, networkConnectionEnabled: true, newCommandTimeout: 300, pixelRatio: 2.625, platform: LINUX, platformName: Android, platformVersion: 11, statBarHeight: 83, takesScreenshot: true, viewportRect: {height: 2048, left: 0, top: 83, width: 1080}, warnings: {}, webStorageEnabled: false}
Session ID: 1300742f-2c97-41b9-b787-0248a18de45a
at java.base/jdk.internal.reflect.DirectConstructorHandleAccessor.newInstance(DirectConstructorHandleAccessor.java:67)
at java.base/java.lang.reflect.Constructor.newInstanceWithCaller(Constructor.java:499)
at java.base/java.lang.reflect.Constructor.newInstance(Constructor.java:483)
at org.openqa.selenium.remote.http.W3CHttpResponseCodec.createException(W3CHttpResponseCodec.java:187)
at org.openqa.selenium.remote.http.W3CHttpResponseCodec.decode(W3CHttpResponseCodec.java:122)
at org.openqa.selenium.remote.http.W3CHttpResponseCodec.decode(W3CHttpResponseCodec.java:49)
at org.openqa.selenium.remote.HttpCommandExecutor.execute(HttpCommandExecutor.java:158)
at io.appium.java_client.remote.AppiumCommandExecutor.execute(AppiumCommandExecutor.java:239)
at org.openqa.selenium.remote.RemoteWebDriver.execute(RemoteWebDriver.java:552)
at io.appium.java_client.DefaultGenericMobileDriver.execute(DefaultGenericMobileDriver.java:41)
at io.appium.java_client.AppiumDriver.execute(AppiumDriver.java:1)
at io.appium.java_client.android.AndroidDriver.execute(AndroidDriver.java:1)
at org.openqa.selenium.remote.RemoteWebElement.execute(RemoteWebElement.java:285)
at io.appium.java_client.DefaultGenericMobileElement.execute(DefaultGenericMobileElement.java:45)
at io.appium.java_client.MobileElement.execute(MobileElement.java:1)
at io.appium.java_client.android.AndroidElement.execute(AndroidElement.java:1)
at org.openqa.selenium.remote.RemoteWebElement.getText(RemoteWebElement.java:166)
at com.utility.Utilities.getText(Utilities.java:414)
at com.business.Plobal.PlobalBusinessLogic.productItem(PlobalBusinessLogic.java:213)
at com.Plobal.TestScripts.PlobalTestScripts.plobalSelectItem(PlobalTestScripts.java:39)
at java.base/jdk.internal.reflect.DirectMethodHandleAccessor.invoke(DirectMethodHandleAccessor.java:104)
at java.base/java.lang.reflect.Method.invoke(Method.java:577)
at org.testng.internal.MethodInvocationHelper.invokeMethod(MethodInvocationHelper.java:134)
at org.testng.internal.TestInvoker.invokeMethod(TestInvoker.java:597)
at org.testng.internal.TestInvoker.invokeTestMethod(TestInvoker.java:173)
at org.testng.internal.MethodRunner.runInSequence(MethodRunner.java:46)
at org.testng.internal.TestInvoker$MethodInvocationAgent.invoke(TestInvoker.java:816)
at org.testng.internal.TestInvoker.invokeTestMethods(TestInvoker.java:146)
at org.testng.internal.TestMethodWorker.invokeTestMethods(TestMethodWorker.java:146)
at org.testng.internal.TestMethodWorker.run(TestMethodWorker.java:128)
at java.base/java.util.ArrayList.forEach(ArrayList.java:1511)
at org.testng.TestRunner.privateRun(TestRunner.java:766)
at org.testng.TestRunner.run(TestRunner.java:587)
at org.testng.SuiteRunner.runTest(SuiteRunner.java:384)
at org.testng.SuiteRunner.runSequentially(SuiteRunner.java:378)
at org.testng.SuiteRunner.privateRun(SuiteRunner.java:337)
at org.testng.SuiteRunner.run(SuiteRunner.java:286)
at org.testng.SuiteRunnerWorker.runSuite(SuiteRunnerWorker.java:53)
at org.testng.SuiteRunnerWorker.run(SuiteRunnerWorker.java:96)
at org.testng.TestNG.runSuitesSequentially(TestNG.java:1187)
at org.testng.TestNG.runSuitesLocally(TestNG.java:1109)
at org.testng.TestNG.runSuites(TestNG.java:1039)
at org.testng.TestNG.run(TestNG.java:1007)
at org.testng.remote.AbstractRemoteTestNG.run(AbstractRemoteTestNG.java:115)
at org.testng.remote.RemoteTestNG.initAndRun(RemoteTestNG.java:251)
at org.testng.remote.RemoteTestNG.main(RemoteTestNG.java:77)
]]>
    </error>
  </testcase> <!-- plobalSelectItem -->
  <system-out/>
  <testcase classname="com.Plobal.TestScripts.PlobalTestScripts" name="plobalPaymentOption" time="30.301">
    <error message="Expected condition failed: waiting for presence of element located by: By.xpath: //*[@resource-id=&#039;plobaltestshutterstock.android.staging:id/payment_options_title_textview&#039;] (tried for 30 second(s) with 500 milliseconds interval)" type="org.openqa.selenium.TimeoutException">
      <![CDATA[org.openqa.selenium.TimeoutException: Expected condition failed: waiting for presence of element located by: By.xpath: //*[@resource-id='plobaltestshutterstock.android.staging:id/payment_options_title_textview'] (tried for 30 second(s) with 500 milliseconds interval)
at org.openqa.selenium.support.ui.WebDriverWait.timeoutException(WebDriverWait.java:95)
at org.openqa.selenium.support.ui.FluentWait.until(FluentWait.java:272)
at com.utility.Utilities.findElement(Utilities.java:171)
at com.utility.Utilities.explicitWaitVisibility(Utilities.java:1440)
at com.business.Plobal.PlobalBusinessLogic.paymentOptions(PlobalBusinessLogic.java:232)
at com.Plobal.TestScripts.PlobalTestScripts.plobalPaymentOption(PlobalTestScripts.java:45)
at java.base/jdk.internal.reflect.DirectMethodHandleAccessor.invoke(DirectMethodHandleAccessor.java:104)
at java.base/java.lang.reflect.Method.invoke(Method.java:577)
at org.testng.internal.MethodInvocationHelper.invokeMethod(MethodInvocationHelper.java:134)
at org.testng.internal.TestInvoker.invokeMethod(TestInvoker.java:597)
at org.testng.internal.TestInvoker.invokeTestMethod(TestInvoker.java:173)
at org.testng.internal.MethodRunner.runInSequence(MethodRunner.java:46)
at org.testng.internal.TestInvoker$MethodInvocationAgent.invoke(TestInvoker.java:816)
at org.testng.internal.TestInvoker.invokeTestMethods(TestInvoker.java:146)
at org.testng.internal.TestMethodWorker.invokeTestMethods(TestMethodWorker.java:146)
at org.testng.internal.TestMethodWorker.run(TestMethodWorker.java:128)
at java.base/java.util.ArrayList.forEach(ArrayList.java:1511)
at org.testng.TestRunner.privateRun(TestRunner.java:766)
at org.testng.TestRunner.run(TestRunner.java:587)
at org.testng.SuiteRunner.runTest(SuiteRunner.java:384)
at org.testng.SuiteRunner.runSequentially(SuiteRunner.java:378)
at org.testng.SuiteRunner.privateRun(SuiteRunner.java:337)
at org.testng.SuiteRunner.run(SuiteRunner.java:286)
at org.testng.SuiteRunnerWorker.runSuite(SuiteRunnerWorker.java:53)
at org.testng.SuiteRunnerWorker.run(SuiteRunnerWorker.java:96)
at org.testng.TestNG.runSuitesSequentially(TestNG.java:1187)
at org.testng.TestNG.runSuitesLocally(TestNG.java:1109)
at org.testng.TestNG.runSuites(TestNG.java:1039)
at org.testng.TestNG.run(TestNG.java:1007)
at org.testng.remote.AbstractRemoteTestNG.run(AbstractRemoteTestNG.java:115)
at org.testng.remote.RemoteTestNG.initAndRun(RemoteTestNG.java:251)
at org.testng.remote.RemoteTestNG.main(RemoteTestNG.java:77)
Caused by: org.openqa.selenium.NoSuchElementException: An element could not be located on the page using the given search parameters.
For documentation on this error, please visit: https://www.seleniumhq.org/exceptions/no_such_element.html
Build info: version: '3.141.59', revision: 'e82be7d358', time: '2018-11-14T08:17:03'
System info: host: 'DESKTOP-077G3EM', ip: '192.168.100.6', os.name: 'Windows 10', os.arch: 'amd64', os.version: '10.0', java.version: '18.0.1'
Driver info: io.appium.java_client.android.AndroidDriver
Capabilities {appActivity: plobaltestshutterstock.andr..., appPackage: plobaltestshutterstock.andr..., autoAcceptAlerts: true, automationName: uiautomator2, databaseEnabled: false, desired: {appActivity: plobaltestshutterstock.andr..., appPackage: plobaltestshutterstock.andr..., autoAcceptAlerts: true, automationName: uiautomator2, deviceName: Android, fullReset: false, newCommandTimeout: 300, platformName: android}, deviceApiLevel: 30, deviceManufacturer: samsung, deviceModel: SM-A507FN, deviceName: RZ8M90WEFMD, deviceScreenDensity: 420, deviceScreenSize: 1080x2340, deviceUDID: RZ8M90WEFMD, fullReset: false, javascriptEnabled: true, locationContextEnabled: false, networkConnectionEnabled: true, newCommandTimeout: 300, pixelRatio: 2.625, platform: LINUX, platformName: Android, platformVersion: 11, statBarHeight: 83, takesScreenshot: true, viewportRect: {height: 2048, left: 0, top: 83, width: 1080}, warnings: {}, webStorageEnabled: false}
Session ID: 1300742f-2c97-41b9-b787-0248a18de45a
*** Element info: {Using=xpath, value=//*[@resource-id='plobaltestshutterstock.android.staging:id/payment_options_title_textview']}
at java.base/jdk.internal.reflect.DirectConstructorHandleAccessor.newInstance(DirectConstructorHandleAccessor.java:67)
at java.base/java.lang.reflect.Constructor.newInstanceWithCaller(Constructor.java:499)
at java.base/java.lang.reflect.Constructor.newInstance(Constructor.java:483)
at org.openqa.selenium.remote.http.W3CHttpResponseCodec.createException(W3CHttpResponseCodec.java:187)
at org.openqa.selenium.remote.http.W3CHttpResponseCodec.decode(W3CHttpResponseCodec.java:122)
at org.openqa.selenium.remote.http.W3CHttpResponseCodec.decode(W3CHttpResponseCodec.java:49)
at org.openqa.selenium.remote.HttpCommandExecutor.execute(HttpCommandExecutor.java:158)
at io.appium.java_client.remote.AppiumCommandExecutor.execute(AppiumCommandExecutor.java:239)
at org.openqa.selenium.remote.RemoteWebDriver.execute(RemoteWebDriver.java:552)
at io.appium.java_client.DefaultGenericMobileDriver.execute(DefaultGenericMobileDriver.java:41)
at io.appium.java_client.AppiumDriver.execute(AppiumDriver.java:1)
at io.appium.java_client.android.AndroidDriver.execute(AndroidDriver.java:1)
at org.openqa.selenium.remote.RemoteWebDriver.findElement(RemoteWebDriver.java:323)
at io.appium.java_client.DefaultGenericMobileDriver.findElement(DefaultGenericMobileDriver.java:61)
at io.appium.java_client.AppiumDriver.findElement(AppiumDriver.java:1)
at io.appium.java_client.android.AndroidDriver.findElement(AndroidDriver.java:1)
at org.openqa.selenium.remote.RemoteWebDriver.findElementByXPath(RemoteWebDriver.java:428)
at io.appium.java_client.DefaultGenericMobileDriver.findElementByXPath(DefaultGenericMobileDriver.java:151)
at io.appium.java_client.AppiumDriver.findElementByXPath(AppiumDriver.java:1)
at io.appium.java_client.android.AndroidDriver.findElementByXPath(AndroidDriver.java:1)
at org.openqa.selenium.By$ByXPath.findElement(By.java:353)
at org.openqa.selenium.remote.RemoteWebDriver.findElement(RemoteWebDriver.java:315)
at io.appium.java_client.DefaultGenericMobileDriver.findElement(DefaultGenericMobileDriver.java:57)
at io.appium.java_client.AppiumDriver.findElement(AppiumDriver.java:1)
at io.appium.java_client.android.AndroidDriver.findElement(AndroidDriver.java:1)
at org.openqa.selenium.support.ui.ExpectedConditions$6.apply(ExpectedConditions.java:182)
at org.openqa.selenium.support.ui.ExpectedConditions$6.apply(ExpectedConditions.java:179)
at org.openqa.selenium.support.ui.FluentWait.until(FluentWait.java:249)
... 30 more
]]>
    </error>
  </testcase> <!-- plobalPaymentOption -->
  <system-out/>
  <testcase classname="com.Plobal.TestScripts.PlobalTestScripts" name="plobalDeliveryAddress" time="111.029"/>
  <system-out/>
  <testcase classname="com.Plobal.TestScripts.PlobalTestScripts" name="plobalSearchProduct" time="152.771"/>
  <system-out/>
  <testcase classname="com.Plobal.TestScripts.PlobalTestScripts" name="plobalSearchProductByBarCode" time="121.103"/>
  <system-out/>
  <testcase classname="com.Plobal.TestScripts.PlobalTestScripts" name="plobalLogout" time="14.120"/>
  <system-out/>
  <testcase classname="com.Plobal.TestScripts.PlobalTestScripts" name="plobalCleverTap" time="87.516">
    <error message="Index 1 out of bounds for length 1" type="java.lang.IndexOutOfBoundsException">
      <![CDATA[java.lang.IndexOutOfBoundsException: Index 1 out of bounds for length 1
at java.base/jdk.internal.util.Preconditions.outOfBounds(Preconditions.java:100)
at java.base/jdk.internal.util.Preconditions.outOfBoundsCheckIndex(Preconditions.java:106)
at java.base/jdk.internal.util.Preconditions.checkIndex(Preconditions.java:302)
at java.base/java.util.Objects.checkIndex(Objects.java:359)
at java.base/java.util.ArrayList.get(ArrayList.java:427)
at com.utility.Utilities.switchTab(Utilities.java:1628)
at com.business.Plobal.PlobalBusinessLogic.CleverTap(PlobalBusinessLogic.java:559)
at com.Plobal.TestScripts.PlobalTestScripts.plobalCleverTap(PlobalTestScripts.java:79)
at java.base/jdk.internal.reflect.DirectMethodHandleAccessor.invoke(DirectMethodHandleAccessor.java:104)
at java.base/java.lang.reflect.Method.invoke(Method.java:577)
at org.testng.internal.MethodInvocationHelper.invokeMethod(MethodInvocationHelper.java:134)
at org.testng.internal.TestInvoker.invokeMethod(TestInvoker.java:597)
at org.testng.internal.TestInvoker.invokeTestMethod(TestInvoker.java:173)
at org.testng.internal.MethodRunner.runInSequence(MethodRunner.java:46)
at org.testng.internal.TestInvoker$MethodInvocationAgent.invoke(TestInvoker.java:816)
at org.testng.internal.TestInvoker.invokeTestMethods(TestInvoker.java:146)
at org.testng.internal.TestMethodWorker.invokeTestMethods(TestMethodWorker.java:146)
at org.testng.internal.TestMethodWorker.run(TestMethodWorker.java:128)
at java.base/java.util.ArrayList.forEach(ArrayList.java:1511)
at org.testng.TestRunner.privateRun(TestRunner.java:766)
at org.testng.TestRunner.run(TestRunner.java:587)
at org.testng.SuiteRunner.runTest(SuiteRunner.java:384)
at org.testng.SuiteRunner.runSequentially(SuiteRunner.java:378)
at org.testng.SuiteRunner.privateRun(SuiteRunner.java:337)
at org.testng.SuiteRunner.run(SuiteRunner.java:286)
at org.testng.SuiteRunnerWorker.runSuite(SuiteRunnerWorker.java:53)
at org.testng.SuiteRunnerWorker.run(SuiteRunnerWorker.java:96)
at org.testng.TestNG.runSuitesSequentially(TestNG.java:1187)
at org.testng.TestNG.runSuitesLocally(TestNG.java:1109)
at org.testng.TestNG.runSuites(TestNG.java:1039)
at org.testng.TestNG.run(TestNG.java:1007)
at org.testng.remote.AbstractRemoteTestNG.run(AbstractRemoteTestNG.java:115)
at org.testng.remote.RemoteTestNG.initAndRun(RemoteTestNG.java:251)
at org.testng.remote.RemoteTestNG.main(RemoteTestNG.java:77)
]]>
    </error>
  </testcase> <!-- plobalCleverTap -->
  <system-out/>
  <testcase classname="com.Plobal.TestScripts.PlobalTestScripts" name="plobalCleverTapLoginevents" time="30.137">
    <error message="Expected condition failed: waiting for presence of element located by: By.xpath: (//span[text()=&#039;User Login&#039;])[1] (tried for 30 second(s) with 500 milliseconds interval)" type="org.openqa.selenium.TimeoutException">
      <![CDATA[org.openqa.selenium.TimeoutException: Expected condition failed: waiting for presence of element located by: By.xpath: (//span[text()='User Login'])[1] (tried for 30 second(s) with 500 milliseconds interval)
at org.openqa.selenium.support.ui.WebDriverWait.timeoutException(WebDriverWait.java:95)
at org.openqa.selenium.support.ui.FluentWait.until(FluentWait.java:272)
at com.utility.Utilities.findElement(Utilities.java:171)
at com.utility.Utilities.ScrollToTheElementWEB(Utilities.java:2023)
at com.business.Plobal.PlobalBusinessLogic.loginEventsCleverTap(PlobalBusinessLogic.java:586)
at com.Plobal.TestScripts.PlobalTestScripts.plobalCleverTapLoginevents(PlobalTestScripts.java:86)
at java.base/jdk.internal.reflect.DirectMethodHandleAccessor.invoke(DirectMethodHandleAccessor.java:104)
at java.base/java.lang.reflect.Method.invoke(Method.java:577)
at org.testng.internal.MethodInvocationHelper.invokeMethod(MethodInvocationHelper.java:134)
at org.testng.internal.TestInvoker.invokeMethod(TestInvoker.java:597)
at org.testng.internal.TestInvoker.invokeTestMethod(TestInvoker.java:173)
at org.testng.internal.MethodRunner.runInSequence(MethodRunner.java:46)
at org.testng.internal.TestInvoker$MethodInvocationAgent.invoke(TestInvoker.java:816)
at org.testng.internal.TestInvoker.invokeTestMethods(TestInvoker.java:146)
at org.testng.internal.TestMethodWorker.invokeTestMethods(TestMethodWorker.java:146)
at org.testng.internal.TestMethodWorker.run(TestMethodWorker.java:128)
at java.base/java.util.ArrayList.forEach(ArrayList.java:1511)
at org.testng.TestRunner.privateRun(TestRunner.java:766)
at org.testng.TestRunner.run(TestRunner.java:587)
at org.testng.SuiteRunner.runTest(SuiteRunner.java:384)
at org.testng.SuiteRunner.runSequentially(SuiteRunner.java:378)
at org.testng.SuiteRunner.privateRun(SuiteRunner.java:337)
at org.testng.SuiteRunner.run(SuiteRunner.java:286)
at org.testng.SuiteRunnerWorker.runSuite(SuiteRunnerWorker.java:53)
at org.testng.SuiteRunnerWorker.run(SuiteRunnerWorker.java:96)
at org.testng.TestNG.runSuitesSequentially(TestNG.java:1187)
at org.testng.TestNG.runSuitesLocally(TestNG.java:1109)
at org.testng.TestNG.runSuites(TestNG.java:1039)
at org.testng.TestNG.run(TestNG.java:1007)
at org.testng.remote.AbstractRemoteTestNG.run(AbstractRemoteTestNG.java:115)
at org.testng.remote.RemoteTestNG.initAndRun(RemoteTestNG.java:251)
at org.testng.remote.RemoteTestNG.main(RemoteTestNG.java:77)
Caused by: org.openqa.selenium.NoSuchElementException: no such element: Unable to locate element: {"method":"xpath","selector":"(//span[text()='User Login'])[1]"}
  (Session info: chrome=106.0.5249.119)
For documentation on this error, please visit: https://www.seleniumhq.org/exceptions/no_such_element.html
Build info: version: '3.141.59', revision: 'e82be7d358', time: '2018-11-14T08:17:03'
System info: host: 'DESKTOP-077G3EM', ip: '192.168.100.6', os.name: 'Windows 10', os.arch: 'amd64', os.version: '10.0', java.version: '18.0.1'
Driver info: org.openqa.selenium.chrome.ChromeDriver
Capabilities {acceptInsecureCerts: false, browserName: chrome, browserVersion: 106.0.5249.119, chrome: {chromedriverVersion: 106.0.5249.61 (511755355844..., userDataDir: C:\Users\IGS0501\AppData\Lo...}, goog:chromeOptions: {debuggerAddress: localhost:54667}, javascriptEnabled: true, networkConnectionEnabled: false, pageLoadStrategy: eager, platform: WINDOWS, platformName: WINDOWS, proxy: Proxy(), setWindowRect: true, strictFileInteractability: false, timeouts: {implicit: 0, pageLoad: 300000, script: 30000}, unhandledPromptBehavior: dismiss and notify, webauthn:extension:credBlob: true, webauthn:extension:largeBlob: true, webauthn:virtualAuthenticators: true}
Session ID: 7b377cff5944843d6347c6a9c76b4c79
*** Element info: {Using=xpath, value=(//span[text()='User Login'])[1]}
at java.base/jdk.internal.reflect.DirectConstructorHandleAccessor.newInstance(DirectConstructorHandleAccessor.java:67)
at java.base/java.lang.reflect.Constructor.newInstanceWithCaller(Constructor.java:499)
at java.base/java.lang.reflect.Constructor.newInstance(Constructor.java:483)
at org.openqa.selenium.remote.http.W3CHttpResponseCodec.createException(W3CHttpResponseCodec.java:187)
at org.openqa.selenium.remote.http.W3CHttpResponseCodec.decode(W3CHttpResponseCodec.java:122)
at org.openqa.selenium.remote.http.W3CHttpResponseCodec.decode(W3CHttpResponseCodec.java:49)
at org.openqa.selenium.remote.HttpCommandExecutor.execute(HttpCommandExecutor.java:158)
at org.openqa.selenium.remote.service.DriverCommandExecutor.execute(DriverCommandExecutor.java:83)
at org.openqa.selenium.remote.RemoteWebDriver.execute(RemoteWebDriver.java:552)
at org.openqa.selenium.remote.RemoteWebDriver.findElement(RemoteWebDriver.java:323)
at org.openqa.selenium.remote.RemoteWebDriver.findElementByXPath(RemoteWebDriver.java:428)
at org.openqa.selenium.By$ByXPath.findElement(By.java:353)
at org.openqa.selenium.remote.RemoteWebDriver.findElement(RemoteWebDriver.java:315)
at org.openqa.selenium.support.ui.ExpectedConditions$6.apply(ExpectedConditions.java:182)
at org.openqa.selenium.support.ui.ExpectedConditions$6.apply(ExpectedConditions.java:179)
at org.openqa.selenium.support.ui.FluentWait.until(FluentWait.java:249)
... 30 more
]]>
    </error>
  </testcase> <!-- plobalCleverTapLoginevents -->
  <system-out/>
  <testcase classname="com.Plobal.TestScripts.PlobalTestScripts" name="plobalCleverTapProductViewed" time="30.107">
    <error message="Expected condition failed: waiting for presence of element located by: By.xpath: (//span[text()=&#039;Product Viewed&#039;])[1] (tried for 30 second(s) with 500 milliseconds interval)" type="org.openqa.selenium.TimeoutException">
      <![CDATA[org.openqa.selenium.TimeoutException: Expected condition failed: waiting for presence of element located by: By.xpath: (//span[text()='Product Viewed'])[1] (tried for 30 second(s) with 500 milliseconds interval)
at org.openqa.selenium.support.ui.WebDriverWait.timeoutException(WebDriverWait.java:95)
at org.openqa.selenium.support.ui.FluentWait.until(FluentWait.java:272)
at com.utility.Utilities.findElement(Utilities.java:171)
at com.utility.Utilities.ScrollToTheElementWEB(Utilities.java:2023)
at com.business.Plobal.PlobalBusinessLogic.productViewedCleverTap(PlobalBusinessLogic.java:619)
at com.Plobal.TestScripts.PlobalTestScripts.plobalCleverTapProductViewed(PlobalTestScripts.java:92)
at java.base/jdk.internal.reflect.DirectMethodHandleAccessor.invoke(DirectMethodHandleAccessor.java:104)
at java.base/java.lang.reflect.Method.invoke(Method.java:577)
at org.testng.internal.MethodInvocationHelper.invokeMethod(MethodInvocationHelper.java:134)
at org.testng.internal.TestInvoker.invokeMethod(TestInvoker.java:597)
at org.testng.internal.TestInvoker.invokeTestMethod(TestInvoker.java:173)
at org.testng.internal.MethodRunner.runInSequence(MethodRunner.java:46)
at org.testng.internal.TestInvoker$MethodInvocationAgent.invoke(TestInvoker.java:816)
at org.testng.internal.TestInvoker.invokeTestMethods(TestInvoker.java:146)
at org.testng.internal.TestMethodWorker.invokeTestMethods(TestMethodWorker.java:146)
at org.testng.internal.TestMethodWorker.run(TestMethodWorker.java:128)
at java.base/java.util.ArrayList.forEach(ArrayList.java:1511)
at org.testng.TestRunner.privateRun(TestRunner.java:766)
at org.testng.TestRunner.run(TestRunner.java:587)
at org.testng.SuiteRunner.runTest(SuiteRunner.java:384)
at org.testng.SuiteRunner.runSequentially(SuiteRunner.java:378)
at org.testng.SuiteRunner.privateRun(SuiteRunner.java:337)
at org.testng.SuiteRunner.run(SuiteRunner.java:286)
at org.testng.SuiteRunnerWorker.runSuite(SuiteRunnerWorker.java:53)
at org.testng.SuiteRunnerWorker.run(SuiteRunnerWorker.java:96)
at org.testng.TestNG.runSuitesSequentially(TestNG.java:1187)
at org.testng.TestNG.runSuitesLocally(TestNG.java:1109)
at org.testng.TestNG.runSuites(TestNG.java:1039)
at org.testng.TestNG.run(TestNG.java:1007)
at org.testng.remote.AbstractRemoteTestNG.run(AbstractRemoteTestNG.java:115)
at org.testng.remote.RemoteTestNG.initAndRun(RemoteTestNG.java:251)
at org.testng.remote.RemoteTestNG.main(RemoteTestNG.java:77)
Caused by: org.openqa.selenium.NoSuchElementException: no such element: Unable to locate element: {"method":"xpath","selector":"(//span[text()='Product Viewed'])[1]"}
  (Session info: chrome=106.0.5249.119)
For documentation on this error, please visit: https://www.seleniumhq.org/exceptions/no_such_element.html
Build info: version: '3.141.59', revision: 'e82be7d358', time: '2018-11-14T08:17:03'
System info: host: 'DESKTOP-077G3EM', ip: '192.168.100.6', os.name: 'Windows 10', os.arch: 'amd64', os.version: '10.0', java.version: '18.0.1'
Driver info: org.openqa.selenium.chrome.ChromeDriver
Capabilities {acceptInsecureCerts: false, browserName: chrome, browserVersion: 106.0.5249.119, chrome: {chromedriverVersion: 106.0.5249.61 (511755355844..., userDataDir: C:\Users\IGS0501\AppData\Lo...}, goog:chromeOptions: {debuggerAddress: localhost:54667}, javascriptEnabled: true, networkConnectionEnabled: false, pageLoadStrategy: eager, platform: WINDOWS, platformName: WINDOWS, proxy: Proxy(), setWindowRect: true, strictFileInteractability: false, timeouts: {implicit: 0, pageLoad: 300000, script: 30000}, unhandledPromptBehavior: dismiss and notify, webauthn:extension:credBlob: true, webauthn:extension:largeBlob: true, webauthn:virtualAuthenticators: true}
Session ID: 7b377cff5944843d6347c6a9c76b4c79
*** Element info: {Using=xpath, value=(//span[text()='Product Viewed'])[1]}
at java.base/jdk.internal.reflect.DirectConstructorHandleAccessor.newInstance(DirectConstructorHandleAccessor.java:67)
at java.base/java.lang.reflect.Constructor.newInstanceWithCaller(Constructor.java:499)
at java.base/java.lang.reflect.Constructor.newInstance(Constructor.java:483)
at org.openqa.selenium.remote.http.W3CHttpResponseCodec.createException(W3CHttpResponseCodec.java:187)
at org.openqa.selenium.remote.http.W3CHttpResponseCodec.decode(W3CHttpResponseCodec.java:122)
at org.openqa.selenium.remote.http.W3CHttpResponseCodec.decode(W3CHttpResponseCodec.java:49)
at org.openqa.selenium.remote.HttpCommandExecutor.execute(HttpCommandExecutor.java:158)
at org.openqa.selenium.remote.service.DriverCommandExecutor.execute(DriverCommandExecutor.java:83)
at org.openqa.selenium.remote.RemoteWebDriver.execute(RemoteWebDriver.java:552)
at org.openqa.selenium.remote.RemoteWebDriver.findElement(RemoteWebDriver.java:323)
at org.openqa.selenium.remote.RemoteWebDriver.findElementByXPath(RemoteWebDriver.java:428)
at org.openqa.selenium.By$ByXPath.findElement(By.java:353)
at org.openqa.selenium.remote.RemoteWebDriver.findElement(RemoteWebDriver.java:315)
at org.openqa.selenium.support.ui.ExpectedConditions$6.apply(ExpectedConditions.java:182)
at org.openqa.selenium.support.ui.ExpectedConditions$6.apply(ExpectedConditions.java:179)
at org.openqa.selenium.support.ui.FluentWait.until(FluentWait.java:249)
... 30 more
]]>
    </error>
  </testcase> <!-- plobalCleverTapProductViewed -->
  <system-out/>
  <testcase classname="com.Plobal.TestScripts.PlobalTestScripts" name="plobalCleverTapAddToCart" time="30.197">
    <error message="Expected condition failed: waiting for presence of element located by: By.xpath: (//span[text()=&#039;Added to Cart&#039;])[1] (tried for 30 second(s) with 500 milliseconds interval)" type="org.openqa.selenium.TimeoutException">
      <![CDATA[org.openqa.selenium.TimeoutException: Expected condition failed: waiting for presence of element located by: By.xpath: (//span[text()='Added to Cart'])[1] (tried for 30 second(s) with 500 milliseconds interval)
at org.openqa.selenium.support.ui.WebDriverWait.timeoutException(WebDriverWait.java:95)
at org.openqa.selenium.support.ui.FluentWait.until(FluentWait.java:272)
at com.utility.Utilities.findElement(Utilities.java:171)
at com.utility.Utilities.ScrollToTheElementWEB(Utilities.java:2023)
at com.business.Plobal.PlobalBusinessLogic.addToCartCleverTap(PlobalBusinessLogic.java:663)
at com.Plobal.TestScripts.PlobalTestScripts.plobalCleverTapAddToCart(PlobalTestScripts.java:98)
at java.base/jdk.internal.reflect.DirectMethodHandleAccessor.invoke(DirectMethodHandleAccessor.java:104)
at java.base/java.lang.reflect.Method.invoke(Method.java:577)
at org.testng.internal.MethodInvocationHelper.invokeMethod(MethodInvocationHelper.java:134)
at org.testng.internal.TestInvoker.invokeMethod(TestInvoker.java:597)
at org.testng.internal.TestInvoker.invokeTestMethod(TestInvoker.java:173)
at org.testng.internal.MethodRunner.runInSequence(MethodRunner.java:46)
at org.testng.internal.TestInvoker$MethodInvocationAgent.invoke(TestInvoker.java:816)
at org.testng.internal.TestInvoker.invokeTestMethods(TestInvoker.java:146)
at org.testng.internal.TestMethodWorker.invokeTestMethods(TestMethodWorker.java:146)
at org.testng.internal.TestMethodWorker.run(TestMethodWorker.java:128)
at java.base/java.util.ArrayList.forEach(ArrayList.java:1511)
at org.testng.TestRunner.privateRun(TestRunner.java:766)
at org.testng.TestRunner.run(TestRunner.java:587)
at org.testng.SuiteRunner.runTest(SuiteRunner.java:384)
at org.testng.SuiteRunner.runSequentially(SuiteRunner.java:378)
at org.testng.SuiteRunner.privateRun(SuiteRunner.java:337)
at org.testng.SuiteRunner.run(SuiteRunner.java:286)
at org.testng.SuiteRunnerWorker.runSuite(SuiteRunnerWorker.java:53)
at org.testng.SuiteRunnerWorker.run(SuiteRunnerWorker.java:96)
at org.testng.TestNG.runSuitesSequentially(TestNG.java:1187)
at org.testng.TestNG.runSuitesLocally(TestNG.java:1109)
at org.testng.TestNG.runSuites(TestNG.java:1039)
at org.testng.TestNG.run(TestNG.java:1007)
at org.testng.remote.AbstractRemoteTestNG.run(AbstractRemoteTestNG.java:115)
at org.testng.remote.RemoteTestNG.initAndRun(RemoteTestNG.java:251)
at org.testng.remote.RemoteTestNG.main(RemoteTestNG.java:77)
Caused by: org.openqa.selenium.NoSuchWindowException: no such window: target window already closed
from unknown error: web view not found
  (Session info: chrome=106.0.5249.119)
Build info: version: '3.141.59', revision: 'e82be7d358', time: '2018-11-14T08:17:03'
System info: host: 'DESKTOP-077G3EM', ip: '192.168.100.6', os.name: 'Windows 10', os.arch: 'amd64', os.version: '10.0', java.version: '18.0.1'
Driver info: org.openqa.selenium.chrome.ChromeDriver
Capabilities {acceptInsecureCerts: false, browserName: chrome, browserVersion: 106.0.5249.119, chrome: {chromedriverVersion: 106.0.5249.61 (511755355844..., userDataDir: C:\Users\IGS0501\AppData\Lo...}, goog:chromeOptions: {debuggerAddress: localhost:54667}, javascriptEnabled: true, networkConnectionEnabled: false, pageLoadStrategy: eager, platform: WINDOWS, platformName: WINDOWS, proxy: Proxy(), setWindowRect: true, strictFileInteractability: false, timeouts: {implicit: 0, pageLoad: 300000, script: 30000}, unhandledPromptBehavior: dismiss and notify, webauthn:extension:credBlob: true, webauthn:extension:largeBlob: true, webauthn:virtualAuthenticators: true}
Session ID: 7b377cff5944843d6347c6a9c76b4c79
*** Element info: {Using=xpath, value=(//span[text()='Added to Cart'])[1]}
at java.base/jdk.internal.reflect.DirectConstructorHandleAccessor.newInstance(DirectConstructorHandleAccessor.java:67)
at java.base/java.lang.reflect.Constructor.newInstanceWithCaller(Constructor.java:499)
at java.base/java.lang.reflect.Constructor.newInstance(Constructor.java:483)
at org.openqa.selenium.remote.http.W3CHttpResponseCodec.createException(W3CHttpResponseCodec.java:187)
at org.openqa.selenium.remote.http.W3CHttpResponseCodec.decode(W3CHttpResponseCodec.java:122)
at org.openqa.selenium.remote.http.W3CHttpResponseCodec.decode(W3CHttpResponseCodec.java:49)
at org.openqa.selenium.remote.HttpCommandExecutor.execute(HttpCommandExecutor.java:158)
at org.openqa.selenium.remote.service.DriverCommandExecutor.execute(DriverCommandExecutor.java:83)
at org.openqa.selenium.remote.RemoteWebDriver.execute(RemoteWebDriver.java:552)
at org.openqa.selenium.remote.RemoteWebDriver.findElement(RemoteWebDriver.java:323)
at org.openqa.selenium.remote.RemoteWebDriver.findElementByXPath(RemoteWebDriver.java:428)
at org.openqa.selenium.By$ByXPath.findElement(By.java:353)
at org.openqa.selenium.remote.RemoteWebDriver.findElement(RemoteWebDriver.java:315)
at org.openqa.selenium.support.ui.ExpectedConditions$6.apply(ExpectedConditions.java:182)
at org.openqa.selenium.support.ui.ExpectedConditions$6.apply(ExpectedConditions.java:179)
at org.openqa.selenium.support.ui.FluentWait.until(FluentWait.java:249)
... 30 more
]]>
    </error>
  </testcase> <!-- plobalCleverTapAddToCart -->
  <system-out/>
  <testcase classname="com.Plobal.TestScripts.PlobalTestScripts" name="plobalCleverTapPaymentPending" time="30.174">
    <error message="Expected condition failed: waiting for presence of element located by: By.xpath: (//span[text()=&#039;Order Placed Payment Pending&#039;])[1] (tried for 30 second(s) with 500 milliseconds interval)" type="org.openqa.selenium.TimeoutException">
      <![CDATA[org.openqa.selenium.TimeoutException: Expected condition failed: waiting for presence of element located by: By.xpath: (//span[text()='Order Placed Payment Pending'])[1] (tried for 30 second(s) with 500 milliseconds interval)
at org.openqa.selenium.support.ui.WebDriverWait.timeoutException(WebDriverWait.java:95)
at org.openqa.selenium.support.ui.FluentWait.until(FluentWait.java:272)
at com.utility.Utilities.findElement(Utilities.java:171)
at com.utility.Utilities.ScrollToTheElementWEB(Utilities.java:2023)
at com.business.Plobal.PlobalBusinessLogic.orderPlacedPaymentPending(PlobalBusinessLogic.java:718)
at com.Plobal.TestScripts.PlobalTestScripts.plobalCleverTapPaymentPending(PlobalTestScripts.java:104)
at java.base/jdk.internal.reflect.DirectMethodHandleAccessor.invoke(DirectMethodHandleAccessor.java:104)
at java.base/java.lang.reflect.Method.invoke(Method.java:577)
at org.testng.internal.MethodInvocationHelper.invokeMethod(MethodInvocationHelper.java:134)
at org.testng.internal.TestInvoker.invokeMethod(TestInvoker.java:597)
at org.testng.internal.TestInvoker.invokeTestMethod(TestInvoker.java:173)
at org.testng.internal.MethodRunner.runInSequence(MethodRunner.java:46)
at org.testng.internal.TestInvoker$MethodInvocationAgent.invoke(TestInvoker.java:816)
at org.testng.internal.TestInvoker.invokeTestMethods(TestInvoker.java:146)
at org.testng.internal.TestMethodWorker.invokeTestMethods(TestMethodWorker.java:146)
at org.testng.internal.TestMethodWorker.run(TestMethodWorker.java:128)
at java.base/java.util.ArrayList.forEach(ArrayList.java:1511)
at org.testng.TestRunner.privateRun(TestRunner.java:766)
at org.testng.TestRunner.run(TestRunner.java:587)
at org.testng.SuiteRunner.runTest(SuiteRunner.java:384)
at org.testng.SuiteRunner.runSequentially(SuiteRunner.java:378)
at org.testng.SuiteRunner.privateRun(SuiteRunner.java:337)
at org.testng.SuiteRunner.run(SuiteRunner.java:286)
at org.testng.SuiteRunnerWorker.runSuite(SuiteRunnerWorker.java:53)
at org.testng.SuiteRunnerWorker.run(SuiteRunnerWorker.java:96)
at org.testng.TestNG.runSuitesSequentially(TestNG.java:1187)
at org.testng.TestNG.runSuitesLocally(TestNG.java:1109)
at org.testng.TestNG.runSuites(TestNG.java:1039)
at org.testng.TestNG.run(TestNG.java:1007)
at org.testng.remote.AbstractRemoteTestNG.run(AbstractRemoteTestNG.java:115)
at org.testng.remote.RemoteTestNG.initAndRun(RemoteTestNG.java:251)
at org.testng.remote.RemoteTestNG.main(RemoteTestNG.java:77)
Caused by: org.openqa.selenium.NoSuchWindowException: no such window: target window already closed
from unknown error: web view not found
  (Session info: chrome=106.0.5249.119)
Build info: version: '3.141.59', revision: 'e82be7d358', time: '2018-11-14T08:17:03'
System info: host: 'DESKTOP-077G3EM', ip: '192.168.100.6', os.name: 'Windows 10', os.arch: 'amd64', os.version: '10.0', java.version: '18.0.1'
Driver info: org.openqa.selenium.chrome.ChromeDriver
Capabilities {acceptInsecureCerts: false, browserName: chrome, browserVersion: 106.0.5249.119, chrome: {chromedriverVersion: 106.0.5249.61 (511755355844..., userDataDir: C:\Users\IGS0501\AppData\Lo...}, goog:chromeOptions: {debuggerAddress: localhost:54667}, javascriptEnabled: true, networkConnectionEnabled: false, pageLoadStrategy: eager, platform: WINDOWS, platformName: WINDOWS, proxy: Proxy(), setWindowRect: true, strictFileInteractability: false, timeouts: {implicit: 0, pageLoad: 300000, script: 30000}, unhandledPromptBehavior: dismiss and notify, webauthn:extension:credBlob: true, webauthn:extension:largeBlob: true, webauthn:virtualAuthenticators: true}
Session ID: 7b377cff5944843d6347c6a9c76b4c79
*** Element info: {Using=xpath, value=(//span[text()='Order Placed Payment Pending'])[1]}
at java.base/jdk.internal.reflect.DirectConstructorHandleAccessor.newInstance(DirectConstructorHandleAccessor.java:67)
at java.base/java.lang.reflect.Constructor.newInstanceWithCaller(Constructor.java:499)
at java.base/java.lang.reflect.Constructor.newInstance(Constructor.java:483)
at org.openqa.selenium.remote.http.W3CHttpResponseCodec.createException(W3CHttpResponseCodec.java:187)
at org.openqa.selenium.remote.http.W3CHttpResponseCodec.decode(W3CHttpResponseCodec.java:122)
at org.openqa.selenium.remote.http.W3CHttpResponseCodec.decode(W3CHttpResponseCodec.java:49)
at org.openqa.selenium.remote.HttpCommandExecutor.execute(HttpCommandExecutor.java:158)
at org.openqa.selenium.remote.service.DriverCommandExecutor.execute(DriverCommandExecutor.java:83)
at org.openqa.selenium.remote.RemoteWebDriver.execute(RemoteWebDriver.java:552)
at org.openqa.selenium.remote.RemoteWebDriver.findElement(RemoteWebDriver.java:323)
at org.openqa.selenium.remote.RemoteWebDriver.findElementByXPath(RemoteWebDriver.java:428)
at org.openqa.selenium.By$ByXPath.findElement(By.java:353)
at org.openqa.selenium.remote.RemoteWebDriver.findElement(RemoteWebDriver.java:315)
at org.openqa.selenium.support.ui.ExpectedConditions$6.apply(ExpectedConditions.java:182)
at org.openqa.selenium.support.ui.ExpectedConditions$6.apply(ExpectedConditions.java:179)
at org.openqa.selenium.support.ui.FluentWait.until(FluentWait.java:249)
... 30 more
]]>
    </error>
  </testcase> <!-- plobalCleverTapPaymentPending -->
  <system-out/>
  <testcase classname="com.Plobal.TestScripts.PlobalTestScripts" name="plobalCleverTapSelectAddress" time="30.340">
    <error message="Expected condition failed: waiting for presence of element located by: By.xpath: (//span[text()=&#039;Select Address&#039;])[3] (tried for 30 second(s) with 500 milliseconds interval)" type="org.openqa.selenium.TimeoutException">
      <![CDATA[org.openqa.selenium.TimeoutException: Expected condition failed: waiting for presence of element located by: By.xpath: (//span[text()='Select Address'])[3] (tried for 30 second(s) with 500 milliseconds interval)
at org.openqa.selenium.support.ui.WebDriverWait.timeoutException(WebDriverWait.java:95)
at org.openqa.selenium.support.ui.FluentWait.until(FluentWait.java:272)
at com.utility.Utilities.findElement(Utilities.java:171)
at com.utility.Utilities.ScrollToTheElementWEB(Utilities.java:2023)
at com.business.Plobal.PlobalBusinessLogic.orderSelectAddressCleverTap(PlobalBusinessLogic.java:762)
at com.Plobal.TestScripts.PlobalTestScripts.plobalCleverTapSelectAddress(PlobalTestScripts.java:110)
at java.base/jdk.internal.reflect.DirectMethodHandleAccessor.invoke(DirectMethodHandleAccessor.java:104)
at java.base/java.lang.reflect.Method.invoke(Method.java:577)
at org.testng.internal.MethodInvocationHelper.invokeMethod(MethodInvocationHelper.java:134)
at org.testng.internal.TestInvoker.invokeMethod(TestInvoker.java:597)
at org.testng.internal.TestInvoker.invokeTestMethod(TestInvoker.java:173)
at org.testng.internal.MethodRunner.runInSequence(MethodRunner.java:46)
at org.testng.internal.TestInvoker$MethodInvocationAgent.invoke(TestInvoker.java:816)
at org.testng.internal.TestInvoker.invokeTestMethods(TestInvoker.java:146)
at org.testng.internal.TestMethodWorker.invokeTestMethods(TestMethodWorker.java:146)
at org.testng.internal.TestMethodWorker.run(TestMethodWorker.java:128)
at java.base/java.util.ArrayList.forEach(ArrayList.java:1511)
at org.testng.TestRunner.privateRun(TestRunner.java:766)
at org.testng.TestRunner.run(TestRunner.java:587)
at org.testng.SuiteRunner.runTest(SuiteRunner.java:384)
at org.testng.SuiteRunner.runSequentially(SuiteRunner.java:378)
at org.testng.SuiteRunner.privateRun(SuiteRunner.java:337)
at org.testng.SuiteRunner.run(SuiteRunner.java:286)
at org.testng.SuiteRunnerWorker.runSuite(SuiteRunnerWorker.java:53)
at org.testng.SuiteRunnerWorker.run(SuiteRunnerWorker.java:96)
at org.testng.TestNG.runSuitesSequentially(TestNG.java:1187)
at org.testng.TestNG.runSuitesLocally(TestNG.java:1109)
at org.testng.TestNG.runSuites(TestNG.java:1039)
at org.testng.TestNG.run(TestNG.java:1007)
at org.testng.remote.AbstractRemoteTestNG.run(AbstractRemoteTestNG.java:115)
at org.testng.remote.RemoteTestNG.initAndRun(RemoteTestNG.java:251)
at org.testng.remote.RemoteTestNG.main(RemoteTestNG.java:77)
Caused by: org.openqa.selenium.NoSuchWindowException: no such window: target window already closed
from unknown error: web view not found
  (Session info: chrome=106.0.5249.119)
Build info: version: '3.141.59', revision: 'e82be7d358', time: '2018-11-14T08:17:03'
System info: host: 'DESKTOP-077G3EM', ip: '192.168.100.6', os.name: 'Windows 10', os.arch: 'amd64', os.version: '10.0', java.version: '18.0.1'
Driver info: org.openqa.selenium.chrome.ChromeDriver
Capabilities {acceptInsecureCerts: false, browserName: chrome, browserVersion: 106.0.5249.119, chrome: {chromedriverVersion: 106.0.5249.61 (511755355844..., userDataDir: C:\Users\IGS0501\AppData\Lo...}, goog:chromeOptions: {debuggerAddress: localhost:54667}, javascriptEnabled: true, networkConnectionEnabled: false, pageLoadStrategy: eager, platform: WINDOWS, platformName: WINDOWS, proxy: Proxy(), setWindowRect: true, strictFileInteractability: false, timeouts: {implicit: 0, pageLoad: 300000, script: 30000}, unhandledPromptBehavior: dismiss and notify, webauthn:extension:credBlob: true, webauthn:extension:largeBlob: true, webauthn:virtualAuthenticators: true}
Session ID: 7b377cff5944843d6347c6a9c76b4c79
*** Element info: {Using=xpath, value=(//span[text()='Select Address'])[3]}
at java.base/jdk.internal.reflect.DirectConstructorHandleAccessor.newInstance(DirectConstructorHandleAccessor.java:67)
at java.base/java.lang.reflect.Constructor.newInstanceWithCaller(Constructor.java:499)
at java.base/java.lang.reflect.Constructor.newInstance(Constructor.java:483)
at org.openqa.selenium.remote.http.W3CHttpResponseCodec.createException(W3CHttpResponseCodec.java:187)
at org.openqa.selenium.remote.http.W3CHttpResponseCodec.decode(W3CHttpResponseCodec.java:122)
at org.openqa.selenium.remote.http.W3CHttpResponseCodec.decode(W3CHttpResponseCodec.java:49)
at org.openqa.selenium.remote.HttpCommandExecutor.execute(HttpCommandExecutor.java:158)
at org.openqa.selenium.remote.service.DriverCommandExecutor.execute(DriverCommandExecutor.java:83)
at org.openqa.selenium.remote.RemoteWebDriver.execute(RemoteWebDriver.java:552)
at org.openqa.selenium.remote.RemoteWebDriver.findElement(RemoteWebDriver.java:323)
at org.openqa.selenium.remote.RemoteWebDriver.findElementByXPath(RemoteWebDriver.java:428)
at org.openqa.selenium.By$ByXPath.findElement(By.java:353)
at org.openqa.selenium.remote.RemoteWebDriver.findElement(RemoteWebDriver.java:315)
at org.openqa.selenium.support.ui.ExpectedConditions$6.apply(ExpectedConditions.java:182)
at org.openqa.selenium.support.ui.ExpectedConditions$6.apply(ExpectedConditions.java:179)
at org.openqa.selenium.support.ui.FluentWait.until(FluentWait.java:249)
... 30 more
]]>
    </error>
  </testcase> <!-- plobalCleverTapSelectAddress -->
  <system-out/>
  <testcase classname="com.Plobal.TestScripts.PlobalTestScripts" name="plobalCleverTapOrderCharged" time="30.139">
    <error message="Expected condition failed: waiting for presence of element located by: By.xpath: (//span[contains(text(),&#039;Charged&#039;)])[1] (tried for 30 second(s) with 500 milliseconds interval)" type="org.openqa.selenium.TimeoutException">
      <![CDATA[org.openqa.selenium.TimeoutException: Expected condition failed: waiting for presence of element located by: By.xpath: (//span[contains(text(),'Charged')])[1] (tried for 30 second(s) with 500 milliseconds interval)
at org.openqa.selenium.support.ui.WebDriverWait.timeoutException(WebDriverWait.java:95)
at org.openqa.selenium.support.ui.FluentWait.until(FluentWait.java:272)
at com.utility.Utilities.findElement(Utilities.java:171)
at com.utility.Utilities.ScrollToTheElementWEB(Utilities.java:2023)
at com.business.Plobal.PlobalBusinessLogic.orderChargedCleverTap(PlobalBusinessLogic.java:860)
at com.Plobal.TestScripts.PlobalTestScripts.plobalCleverTapOrderCharged(PlobalTestScripts.java:116)
at java.base/jdk.internal.reflect.DirectMethodHandleAccessor.invoke(DirectMethodHandleAccessor.java:104)
at java.base/java.lang.reflect.Method.invoke(Method.java:577)
at org.testng.internal.MethodInvocationHelper.invokeMethod(MethodInvocationHelper.java:134)
at org.testng.internal.TestInvoker.invokeMethod(TestInvoker.java:597)
at org.testng.internal.TestInvoker.invokeTestMethod(TestInvoker.java:173)
at org.testng.internal.MethodRunner.runInSequence(MethodRunner.java:46)
at org.testng.internal.TestInvoker$MethodInvocationAgent.invoke(TestInvoker.java:816)
at org.testng.internal.TestInvoker.invokeTestMethods(TestInvoker.java:146)
at org.testng.internal.TestMethodWorker.invokeTestMethods(TestMethodWorker.java:146)
at org.testng.internal.TestMethodWorker.run(TestMethodWorker.java:128)
at java.base/java.util.ArrayList.forEach(ArrayList.java:1511)
at org.testng.TestRunner.privateRun(TestRunner.java:766)
at org.testng.TestRunner.run(TestRunner.java:587)
at org.testng.SuiteRunner.runTest(SuiteRunner.java:384)
at org.testng.SuiteRunner.runSequentially(SuiteRunner.java:378)
at org.testng.SuiteRunner.privateRun(SuiteRunner.java:337)
at org.testng.SuiteRunner.run(SuiteRunner.java:286)
at org.testng.SuiteRunnerWorker.runSuite(SuiteRunnerWorker.java:53)
at org.testng.SuiteRunnerWorker.run(SuiteRunnerWorker.java:96)
at org.testng.TestNG.runSuitesSequentially(TestNG.java:1187)
at org.testng.TestNG.runSuitesLocally(TestNG.java:1109)
at org.testng.TestNG.runSuites(TestNG.java:1039)
at org.testng.TestNG.run(TestNG.java:1007)
at org.testng.remote.AbstractRemoteTestNG.run(AbstractRemoteTestNG.java:115)
at org.testng.remote.RemoteTestNG.initAndRun(RemoteTestNG.java:251)
at org.testng.remote.RemoteTestNG.main(RemoteTestNG.java:77)
Caused by: org.openqa.selenium.NoSuchWindowException: no such window: target window already closed
from unknown error: web view not found
  (Session info: chrome=106.0.5249.119)
Build info: version: '3.141.59', revision: 'e82be7d358', time: '2018-11-14T08:17:03'
System info: host: 'DESKTOP-077G3EM', ip: '192.168.100.6', os.name: 'Windows 10', os.arch: 'amd64', os.version: '10.0', java.version: '18.0.1'
Driver info: org.openqa.selenium.chrome.ChromeDriver
Capabilities {acceptInsecureCerts: false, browserName: chrome, browserVersion: 106.0.5249.119, chrome: {chromedriverVersion: 106.0.5249.61 (511755355844..., userDataDir: C:\Users\IGS0501\AppData\Lo...}, goog:chromeOptions: {debuggerAddress: localhost:54667}, javascriptEnabled: true, networkConnectionEnabled: false, pageLoadStrategy: eager, platform: WINDOWS, platformName: WINDOWS, proxy: Proxy(), setWindowRect: true, strictFileInteractability: false, timeouts: {implicit: 0, pageLoad: 300000, script: 30000}, unhandledPromptBehavior: dismiss and notify, webauthn:extension:credBlob: true, webauthn:extension:largeBlob: true, webauthn:virtualAuthenticators: true}
Session ID: 7b377cff5944843d6347c6a9c76b4c79
*** Element info: {Using=xpath, value=(//span[contains(text(),'Charged')])[1]}
at java.base/jdk.internal.reflect.DirectConstructorHandleAccessor.newInstance(DirectConstructorHandleAccessor.java:67)
at java.base/java.lang.reflect.Constructor.newInstanceWithCaller(Constructor.java:499)
at java.base/java.lang.reflect.Constructor.newInstance(Constructor.java:483)
at org.openqa.selenium.remote.http.W3CHttpResponseCodec.createException(W3CHttpResponseCodec.java:187)
at org.openqa.selenium.remote.http.W3CHttpResponseCodec.decode(W3CHttpResponseCodec.java:122)
at org.openqa.selenium.remote.http.W3CHttpResponseCodec.decode(W3CHttpResponseCodec.java:49)
at org.openqa.selenium.remote.HttpCommandExecutor.execute(HttpCommandExecutor.java:158)
at org.openqa.selenium.remote.service.DriverCommandExecutor.execute(DriverCommandExecutor.java:83)
at org.openqa.selenium.remote.RemoteWebDriver.execute(RemoteWebDriver.java:552)
at org.openqa.selenium.remote.RemoteWebDriver.findElement(RemoteWebDriver.java:323)
at org.openqa.selenium.remote.RemoteWebDriver.findElementByXPath(RemoteWebDriver.java:428)
at org.openqa.selenium.By$ByXPath.findElement(By.java:353)
at org.openqa.selenium.remote.RemoteWebDriver.findElement(RemoteWebDriver.java:315)
at org.openqa.selenium.support.ui.ExpectedConditions$6.apply(ExpectedConditions.java:182)
at org.openqa.selenium.support.ui.ExpectedConditions$6.apply(ExpectedConditions.java:179)
at org.openqa.selenium.support.ui.FluentWait.until(FluentWait.java:249)
... 30 more
]]>
    </error>
  </testcase> <!-- plobalCleverTapOrderCharged -->
  <system-out/>
  <testcase classname="com.Plobal.TestScripts.PlobalTestScripts" name="plobalCleverTapLogout" time="30.135">
    <error message="Expected condition failed: waiting for presence of element located by: By.xpath: (//span[text()=&#039;User Logout&#039;])[1] (tried for 30 second(s) with 500 milliseconds interval)" type="org.openqa.selenium.TimeoutException">
      <![CDATA[org.openqa.selenium.TimeoutException: Expected condition failed: waiting for presence of element located by: By.xpath: (//span[text()='User Logout'])[1] (tried for 30 second(s) with 500 milliseconds interval)
at org.openqa.selenium.support.ui.WebDriverWait.timeoutException(WebDriverWait.java:95)
at org.openqa.selenium.support.ui.FluentWait.until(FluentWait.java:272)
at com.utility.Utilities.findElement(Utilities.java:171)
at com.utility.Utilities.ScrollToTheElementWEB(Utilities.java:2023)
at com.business.Plobal.PlobalBusinessLogic.logoutCleverTap(PlobalBusinessLogic.java:903)
at com.Plobal.TestScripts.PlobalTestScripts.plobalCleverTapLogout(PlobalTestScripts.java:122)
at java.base/jdk.internal.reflect.DirectMethodHandleAccessor.invoke(DirectMethodHandleAccessor.java:104)
at java.base/java.lang.reflect.Method.invoke(Method.java:577)
at org.testng.internal.MethodInvocationHelper.invokeMethod(MethodInvocationHelper.java:134)
at org.testng.internal.TestInvoker.invokeMethod(TestInvoker.java:597)
at org.testng.internal.TestInvoker.invokeTestMethod(TestInvoker.java:173)
at org.testng.internal.MethodRunner.runInSequence(MethodRunner.java:46)
at org.testng.internal.TestInvoker$MethodInvocationAgent.invoke(TestInvoker.java:816)
at org.testng.internal.TestInvoker.invokeTestMethods(TestInvoker.java:146)
at org.testng.internal.TestMethodWorker.invokeTestMethods(TestMethodWorker.java:146)
at org.testng.internal.TestMethodWorker.run(TestMethodWorker.java:128)
at java.base/java.util.ArrayList.forEach(ArrayList.java:1511)
at org.testng.TestRunner.privateRun(TestRunner.java:766)
at org.testng.TestRunner.run(TestRunner.java:587)
at org.testng.SuiteRunner.runTest(SuiteRunner.java:384)
at org.testng.SuiteRunner.runSequentially(SuiteRunner.java:378)
at org.testng.SuiteRunner.privateRun(SuiteRunner.java:337)
at org.testng.SuiteRunner.run(SuiteRunner.java:286)
at org.testng.SuiteRunnerWorker.runSuite(SuiteRunnerWorker.java:53)
at org.testng.SuiteRunnerWorker.run(SuiteRunnerWorker.java:96)
at org.testng.TestNG.runSuitesSequentially(TestNG.java:1187)
at org.testng.TestNG.runSuitesLocally(TestNG.java:1109)
at org.testng.TestNG.runSuites(TestNG.java:1039)
at org.testng.TestNG.run(TestNG.java:1007)
at org.testng.remote.AbstractRemoteTestNG.run(AbstractRemoteTestNG.java:115)
at org.testng.remote.RemoteTestNG.initAndRun(RemoteTestNG.java:251)
at org.testng.remote.RemoteTestNG.main(RemoteTestNG.java:77)
Caused by: org.openqa.selenium.NoSuchWindowException: no such window: target window already closed
from unknown error: web view not found
  (Session info: chrome=106.0.5249.119)
Build info: version: '3.141.59', revision: 'e82be7d358', time: '2018-11-14T08:17:03'
System info: host: 'DESKTOP-077G3EM', ip: '192.168.100.6', os.name: 'Windows 10', os.arch: 'amd64', os.version: '10.0', java.version: '18.0.1'
Driver info: org.openqa.selenium.chrome.ChromeDriver
Capabilities {acceptInsecureCerts: false, browserName: chrome, browserVersion: 106.0.5249.119, chrome: {chromedriverVersion: 106.0.5249.61 (511755355844..., userDataDir: C:\Users\IGS0501\AppData\Lo...}, goog:chromeOptions: {debuggerAddress: localhost:54667}, javascriptEnabled: true, networkConnectionEnabled: false, pageLoadStrategy: eager, platform: WINDOWS, platformName: WINDOWS, proxy: Proxy(), setWindowRect: true, strictFileInteractability: false, timeouts: {implicit: 0, pageLoad: 300000, script: 30000}, unhandledPromptBehavior: dismiss and notify, webauthn:extension:credBlob: true, webauthn:extension:largeBlob: true, webauthn:virtualAuthenticators: true}
Session ID: 7b377cff5944843d6347c6a9c76b4c79
*** Element info: {Using=xpath, value=(//span[text()='User Logout'])[1]}
at java.base/jdk.internal.reflect.DirectConstructorHandleAccessor.newInstance(DirectConstructorHandleAccessor.java:67)
at java.base/java.lang.reflect.Constructor.newInstanceWithCaller(Constructor.java:499)
at java.base/java.lang.reflect.Constructor.newInstance(Constructor.java:483)
at org.openqa.selenium.remote.http.W3CHttpResponseCodec.createException(W3CHttpResponseCodec.java:187)
at org.openqa.selenium.remote.http.W3CHttpResponseCodec.decode(W3CHttpResponseCodec.java:122)
at org.openqa.selenium.remote.http.W3CHttpResponseCodec.decode(W3CHttpResponseCodec.java:49)
at org.openqa.selenium.remote.HttpCommandExecutor.execute(HttpCommandExecutor.java:158)
at org.openqa.selenium.remote.service.DriverCommandExecutor.execute(DriverCommandExecutor.java:83)
at org.openqa.selenium.remote.RemoteWebDriver.execute(RemoteWebDriver.java:552)
at org.openqa.selenium.remote.RemoteWebDriver.findElement(RemoteWebDriver.java:323)
at org.openqa.selenium.remote.RemoteWebDriver.findElementByXPath(RemoteWebDriver.java:428)
at org.openqa.selenium.By$ByXPath.findElement(By.java:353)
at org.openqa.selenium.remote.RemoteWebDriver.findElement(RemoteWebDriver.java:315)
at org.openqa.selenium.support.ui.ExpectedConditions$6.apply(ExpectedConditions.java:182)
at org.openqa.selenium.support.ui.ExpectedConditions$6.apply(ExpectedConditions.java:179)
at org.openqa.selenium.support.ui.FluentWait.until(FluentWait.java:249)
... 30 more
]]>
    </error>
  </testcase> <!-- plobalCleverTapLogout -->
  <system-out/>
</testsuite> <!-- com.Plobal.TestScripts.PlobalTestScripts -->
