<?xml version="1.0" encoding="UTF-8"?>
<!-- Generated by org.testng.reporters.JUnitReportReporter -->
<testsuite hostname="DESKTOP-077G3EM" failures="0" tests="16" name="com.Plobal.TestScripts.PlobalTestScripts" time="601.938" errors="0" timestamp="2022-10-18T11:05:45 IST" skipped="0">
  <testcase classname="com.Plobal.TestScripts.PlobalTestScripts" name="plobalAppLaunch" time="28.446"/>
  <system-out/>
  <testcase classname="com.Plobal.TestScripts.PlobalTestScripts" name="plobalLogin" time="32.068"/>
  <system-out/>
  <testcase classname="com.Plobal.TestScripts.PlobalTestScripts" name="plobalSelectItem" time="31.578"/>
  <system-out/>
  <testcase classname="com.Plobal.TestScripts.PlobalTestScripts" name="plobalPaymentOption" time="7.187"/>
  <system-out/>
  <testcase classname="com.Plobal.TestScripts.PlobalTestScripts" name="plobalDeliveryAddress" time="107.421"/>
  <system-out/>
  <testcase classname="com.Plobal.TestScripts.PlobalTestScripts" name="plobalSearchProduct" time="130.332"/>
  <system-out/>
  <testcase classname="com.Plobal.TestScripts.PlobalTestScripts" name="plobalSearchProductByBarCode" time="121.043"/>
  <system-out/>
  <testcase classname="com.Plobal.TestScripts.PlobalTestScripts" name="plobalLogout" time="14.226"/>
  <system-out/>
  <testcase classname="com.Plobal.TestScripts.PlobalTestScripts" name="plobalCleverTap" time="100.013"/>
  <system-out/>
  <testcase classname="com.Plobal.TestScripts.PlobalTestScripts" name="plobalCleverTapLoginevents" time="4.475"/>
  <system-out/>
  <testcase classname="com.Plobal.TestScripts.PlobalTestScripts" name="plobalCleverTapProductViewed" time="4.760"/>
  <system-out/>
  <testcase classname="com.Plobal.TestScripts.PlobalTestScripts" name="plobalCleverTapAddToCart" time="4.838"/>
  <system-out/>
  <testcase classname="com.Plobal.TestScripts.PlobalTestScripts" name="plobalCleverTapPaymentPending" time="4.724"/>
  <system-out/>
  <testcase classname="com.Plobal.TestScripts.PlobalTestScripts" name="plobalCleverTapSelectAddress" time="5.603"/>
  <system-out/>
  <testcase classname="com.Plobal.TestScripts.PlobalTestScripts" name="plobalCleverTapOrderCharged" time="4.618"/>
  <system-out/>
  <testcase classname="com.Plobal.TestScripts.PlobalTestScripts" name="plobalCleverTapLogout" time="0.606"/>
  <system-out/>
</testsuite> <!-- com.Plobal.TestScripts.PlobalTestScripts -->
